<?xml version="1.0" encoding="UTF-8"?>
<!-- Generated by org.testng.reporters.JUnitXMLReporter -->
<testsuite ignored="0" hostname="LAPTOP-MDM1H7HV" failures="1" tests="4" name="Command line test" time="42.657" errors="0" timestamp="2019-11-25T21:54:47 ART">
  <testcase classname="testsProductos.WomenSearchTest" name="seeColorChecksLocated" time="0.074"/>
  <testcase classname="testsProductos.WomenSearchTest" name="womanSearchByPriceLowerFirst" time="0.154"/>
  <testcase classname="testsProductos.WomenSearchTest" name="womanSearchByReference" time="0.117"/>
  <testcase classname="testsProductos.WomenSearchTest" name="womanSearchByStock" time="0.145">
    <failure type="java.lang.AssertionError" message="El test fallo did not expect to find [true] but found [false]">
      <![CDATA[java.lang.AssertionError: El test fallo did not expect to find [true] but found [false]
at testsProductos.WomenSearchTest.womanSearchByStock(WomenSearchTest.java:47)
at java.base/java.util.ArrayList.forEach(ArrayList.java:1507)
... Removed 39 stack frames]]>
    </failure>
  </testcase> <!-- womanSearchByStock -->
</testsuite> <!-- Command line test -->
